#
# There is insufficient memory for the Java Runtime Environment to continue.
# Native memory allocation (malloc) failed to allocate 262160 bytes for Chunk::new
# Possible reasons:
#   The system is out of physical RAM or swap space
#   The process is running with CompressedOops enabled, and the Java Heap may be blocking the growth of the native heap
# Possible solutions:
#   Reduce memory load on the system
#   Increase physical memory or swap space
#   Check if swap backing store is full
#   Decrease Java heap size (-Xmx/-Xms)
#   Decrease number of Java threads
#   Decrease Java thread stack sizes (-Xss)
#   Set larger code cache with -XX:ReservedCodeCacheSize=
#   JVM is running with Zero Based Compressed Oops mode in which the Java heap is
#     placed in the first 32GB address space. The Java Heap base address is the
#     maximum limit for the native heap growth. Please use -XX:HeapBaseMinAddress
#     to set the Java Heap base and to place the Java Heap above 32GB virtual address.
# This output file may be truncated or incomplete.
#
#  Out of Memory Error (./open/src/hotspot/share/memory/arena.cpp:197), pid=6404, tid=17632
#
# JRE version: Java(TM) SE Runtime Environment 18.9 (11.0.7+8) (build 11.0.7+8-LTS)
# Java VM: Java HotSpot(TM) 64-Bit Server VM 18.9 (11.0.7+8-LTS, mixed mode, tiered, compressed oops, g1 gc, windows-amd64)
# No core dump will be written. Minidumps are not enabled by default on client versions of Windows
#

---------------  S U M M A R Y ------------

Command Line: -Dfile.encoding=Cp1252 --module-path=C:\Users\Goran\Documents\git\workspace\ColorettoIteratie3GUI\bin;C:\Program Files\javafx-sdk-11.0.2\lib\javafx.base.jar;C:\Program Files\javafx-sdk-11.0.2\lib\javafx.controls.jar;C:\Program Files\javafx-sdk-11.0.2\lib\javafx.fxml.jar;C:\Program Files\javafx-sdk-11.0.2\lib\javafx.graphics.jar -Djdk.module.main=ColorettoIteratie3GUI ColorettoIteratie3GUI/main.StartUp

Host: Intel(R) Core(TM) i7-7700K CPU @ 4.20GHz, 8 cores, 15G,  Windows 10 , 64 bit Build 19041 (10.0.19041.207)
Time: Tue Apr 21 20:14:09 2020 Romance Daylight Time elapsed time: 0 seconds (0d 0h 0m 0s)

---------------  T H R E A D  ---------------

Current thread (0x000001e7bab37800):  JavaThread "C2 CompilerThread0" daemon [_thread_in_native, id=17632, stack(0x00000015bf500000,0x00000015bf600000)]


Current CompileTask:
C2:    936 1131   !   4       com.sun.javafx.css.ParsedValueImpl::readBinary (688 bytes)

Stack: [0x00000015bf500000,0x00000015bf600000]
Native frames: (J=compiled Java code, j=interpreted, Vv=VM code, C=native code)
V  [jvm.dll+0x661a7a]
V  [jvm.dll+0x7a1b2f]
V  [jvm.dll+0x7a31d5]
V  [jvm.dll+0x7a3843]
V  [jvm.dll+0x25f1a8]
V  [jvm.dll+0xc2441]
V  [jvm.dll+0xc29cc]
V  [jvm.dll+0xc2520]
V  [jvm.dll+0x68f44f]
V  [jvm.dll+0x21f5bb]
V  [jvm.dll+0x68daaa]
V  [jvm.dll+0x2176e7]
V  [jvm.dll+0x19407c]
V  [jvm.dll+0x226c74]
V  [jvm.dll+0x224e98]
V  [jvm.dll+0x765e25]
V  [jvm.dll+0x75e875]
V  [jvm.dll+0x660b26]
C  [ucrtbase.dll+0x21542]
C  [KERNEL32.DLL+0x16fd4]
C  [ntdll.dll+0x4cec1]


---------------  P R O C E S S  ---------------

Threads class SMR info:
_java_thread_list=0x000001e7bb460dd0, length=16, elements={
0x000001e7948c5000, 0x000001e7ba26d800, 0x000001e7ba26f000, 0x000001e7bab8f800,
0x000001e7bab91800, 0x000001e7bab37800, 0x000001e7bab45800, 0x000001e7ba293800,
0x000001e7bacef800, 0x000001e7bb367000, 0x000001e7bb604800, 0x000001e7bb304800,
0x000001e7bb222800, 0x000001e7bb01d800, 0x000001e7bb6f4000, 0x000001e7bae2a800
}

Java Threads: ( => current thread )
  0x000001e7948c5000 JavaThread "main" [_thread_blocked, id=12564, stack(0x00000015bea00000,0x00000015beb00000)]
  0x000001e7ba26d800 JavaThread "Reference Handler" daemon [_thread_blocked, id=9424, stack(0x00000015bf100000,0x00000015bf200000)]
  0x000001e7ba26f000 JavaThread "Finalizer" daemon [_thread_blocked, id=19220, stack(0x00000015bf200000,0x00000015bf300000)]
  0x000001e7bab8f800 JavaThread "Signal Dispatcher" daemon [_thread_blocked, id=1568, stack(0x00000015bf300000,0x00000015bf400000)]
  0x000001e7bab91800 JavaThread "Attach Listener" daemon [_thread_blocked, id=18144, stack(0x00000015bf400000,0x00000015bf500000)]
=>0x000001e7bab37800 JavaThread "C2 CompilerThread0" daemon [_thread_in_native, id=17632, stack(0x00000015bf500000,0x00000015bf600000)]
  0x000001e7bab45800 JavaThread "C1 CompilerThread0" daemon [_thread_blocked, id=13856, stack(0x00000015bf600000,0x00000015bf700000)]
  0x000001e7ba293800 JavaThread "Sweeper thread" daemon [_thread_blocked, id=12832, stack(0x00000015bf700000,0x00000015bf800000)]
  0x000001e7bacef800 JavaThread "Common-Cleaner" daemon [_thread_blocked, id=13940, stack(0x00000015bf800000,0x00000015bf900000)]
  0x000001e7bb367000 JavaThread "Service Thread" daemon [_thread_blocked, id=11308, stack(0x00000015bfb00000,0x00000015bfc00000)]
  0x000001e7bb604800 JavaThread "QuantumRenderer-0" daemon [_thread_blocked, id=16188, stack(0x00000015bfd00000,0x00000015bfe00000)]
  0x000001e7bb304800 JavaThread "InvokeLaterDispatcher" daemon [_thread_blocked, id=7372, stack(0x00000015bff00000,0x00000015c0000000)]
  0x000001e7bb222800 JavaThread "JavaFX Application Thread" [_thread_blocked, id=17208, stack(0x00000015c0000000,0x00000015c0100000)]
  0x000001e7bb01d800 JavaThread "JavaFX-Launcher" [_thread_blocked, id=3748, stack(0x00000015c0100000,0x00000015c0200000)]
  0x000001e7bb6f4000 JavaThread "Thread-2" daemon [_thread_blocked, id=3668, stack(0x00000015bfa00000,0x00000015bfb00000)]
  0x000001e7bae2a800 JavaThread "C2 CompilerThread1" daemon [_thread_blocked, id=16412, stack(0x00000015c0700000,0x00000015c0800000)]

Other Threads:
  0x000001e7ba269800 VMThread "VM Thread" [stack: 0x00000015bf000000,0x00000015bf100000] [id=18256]
  0x000001e7bb77f800 WatcherThread [stack: 0x00000015bfc00000,0x00000015bfd00000] [id=13884]
  0x000001e7948d9800 GCTaskThread "GC Thread#0" [stack: 0x00000015beb00000,0x00000015bec00000] [id=18616]
  0x000001e7bb754000 GCTaskThread "GC Thread#1" [stack: 0x00000015c0200000,0x00000015c0300000] [id=7456]
  0x000001e7bbd2f800 GCTaskThread "GC Thread#2" [stack: 0x00000015c0300000,0x00000015c0400000] [id=15672]
  0x000001e7bbc11800 GCTaskThread "GC Thread#3" [stack: 0x00000015c0400000,0x00000015c0500000] [id=1100]
  0x000001e7bb5c1000 GCTaskThread "GC Thread#4" [stack: 0x00000015c0500000,0x00000015c0600000] [id=8872]
  0x000001e7bb3ef000 GCTaskThread "GC Thread#5" [stack: 0x00000015c0600000,0x00000015c0700000] [id=15052]
  0x000001e794938800 ConcurrentGCThread "G1 Main Marker" [stack: 0x00000015bec00000,0x00000015bed00000] [id=5032]
  0x000001e79493a000 ConcurrentGCThread "G1 Conc#0" [stack: 0x00000015bed00000,0x00000015bee00000] [id=15752]
  0x000001e7bb947000 ConcurrentGCThread "G1 Conc#1" [stack: 0x00000015c0800000,0x00000015c0900000] [id=10268]
  0x000001e7ba152000 ConcurrentGCThread "G1 Refine#0" [stack: 0x00000015bee00000,0x00000015bef00000] [id=19032]
  0x000001e7ba153000 ConcurrentGCThread "G1 Young RemSet Sampling" [stack: 0x00000015bef00000,0x00000015bf000000] [id=3048]

Threads with active compile tasks:
C2 CompilerThread01131   !   4       com.sun.javafx.css.ParsedValueImpl::readBinary (688 bytes)

VM state:at safepoint (normal execution)

VM Mutex/Monitor currently owned by a thread:  ([mutex/lock_event])
[0x000001e7948bf870] Threads_lock - owner thread: 0x000001e7ba269800
[0x000001e7948c0680] Heap_lock - owner thread: 0x000001e7bb222800

Heap address: 0x0000000700800000, size: 4088 MB, Compressed Oops mode: Zero based, Oop shift amount: 3
Narrow klass base: 0x0000000800000000, Narrow klass shift: 0
Compressed class space size: 1073741824 Address: 0x0000000800000000

Heap:
 garbage-first heap   total 262144K, used 4186K [0x0000000700800000, 0x0000000800000000)
  region size 1024K, 5 young (5120K), 5 survivors (5120K)
 Metaspace       used 14297K, capacity 14668K, committed 14720K, reserved 1081344K
  class space    used 1725K, capacity 1905K, committed 1920K, reserved 1048576K
Heap Regions: E=young(eden), S=young(survivor), O=old, HS=humongous(starts), HC=humongous(continues), CS=collection set, F=free, A=archive, TAMS=top-at-mark-start (previous, next)
|   0|0x0000000700800000, 0x0000000700800000, 0x0000000700900000|  0%| F|  |TAMS 0x0000000700800000, 0x0000000700800000| Untracked 
|   1|0x0000000700900000, 0x0000000700900000, 0x0000000700a00000|  0%| F|  |TAMS 0x0000000700900000, 0x0000000700900000| Untracked 
|   2|0x0000000700a00000, 0x0000000700a00000, 0x0000000700b00000|  0%| F|  |TAMS 0x0000000700a00000, 0x0000000700a00000| Untracked 
|   3|0x0000000700b00000, 0x0000000700b00000, 0x0000000700c00000|  0%| F|  |TAMS 0x0000000700b00000, 0x0000000700b00000| Untracked 
|   4|0x0000000700c00000, 0x0000000700c00000, 0x0000000700d00000|  0%| F|  |TAMS 0x0000000700c00000, 0x0000000700c00000| Untracked 
|   5|0x0000000700d00000, 0x0000000700d00000, 0x0000000700e00000|  0%| F|  |TAMS 0x0000000700d00000, 0x0000000700d00000| Untracked 
|   6|0x0000000700e00000, 0x0000000700e00000, 0x0000000700f00000|  0%| F|  |TAMS 0x0000000700e00000, 0x0000000700e00000| Untracked 
|   7|0x0000000700f00000, 0x0000000700f00000, 0x0000000701000000|  0%| F|  |TAMS 0x0000000700f00000, 0x0000000700f00000| Untracked 
|   8|0x0000000701000000, 0x0000000701000000, 0x0000000701100000|  0%| F|  |TAMS 0x0000000701000000, 0x0000000701000000| Untracked 
|   9|0x0000000701100000, 0x0000000701100000, 0x0000000701200000|  0%| F|  |TAMS 0x0000000701100000, 0x0000000701100000| Untracked 
|  10|0x0000000701200000, 0x0000000701200000, 0x0000000701300000|  0%| F|  |TAMS 0x0000000701200000, 0x0000000701200000| Untracked 
|  11|0x0000000701300000, 0x0000000701300000, 0x0000000701400000|  0%| F|  |TAMS 0x0000000701300000, 0x0000000701300000| Untracked 
|  12|0x0000000701400000, 0x0000000701400000, 0x0000000701500000|  0%| F|  |TAMS 0x0000000701400000, 0x0000000701400000| Untracked 
|  13|0x0000000701500000, 0x0000000701500000, 0x0000000701600000|  0%| F|  |TAMS 0x0000000701500000, 0x0000000701500000| Untracked 
|  14|0x0000000701600000, 0x0000000701600000, 0x0000000701700000|  0%| F|  |TAMS 0x0000000701600000, 0x0000000701600000| Untracked 
|  15|0x0000000701700000, 0x0000000701700000, 0x0000000701800000|  0%| F|  |TAMS 0x0000000701700000, 0x0000000701700000| Untracked 
|  16|0x0000000701800000, 0x0000000701800000, 0x0000000701900000|  0%| F|  |TAMS 0x0000000701800000, 0x0000000701800000| Untracked 
|  17|0x0000000701900000, 0x0000000701900000, 0x0000000701a00000|  0%| F|  |TAMS 0x0000000701900000, 0x0000000701900000| Untracked 
|  18|0x0000000701a00000, 0x0000000701a00000, 0x0000000701b00000|  0%| F|  |TAMS 0x0000000701a00000, 0x0000000701a00000| Untracked 
|  19|0x0000000701b00000, 0x0000000701b00000, 0x0000000701c00000|  0%| F|  |TAMS 0x0000000701b00000, 0x0000000701b00000| Untracked 
|  20|0x0000000701c00000, 0x0000000701c00000, 0x0000000701d00000|  0%| F|  |TAMS 0x0000000701c00000, 0x0000000701c00000| Untracked 
|  21|0x0000000701d00000, 0x0000000701d00000, 0x0000000701e00000|  0%| F|  |TAMS 0x0000000701d00000, 0x0000000701d00000| Untracked 
|  22|0x0000000701e00000, 0x0000000701e00000, 0x0000000701f00000|  0%| F|  |TAMS 0x0000000701e00000, 0x0000000701e00000| Untracked 
|  23|0x0000000701f00000, 0x0000000701f00000, 0x0000000702000000|  0%| F|  |TAMS 0x0000000701f00000, 0x0000000701f00000| Untracked 
|  24|0x0000000702000000, 0x0000000702000000, 0x0000000702100000|  0%| F|  |TAMS 0x0000000702000000, 0x0000000702000000| Untracked 
|  25|0x0000000702100000, 0x0000000702100000, 0x0000000702200000|  0%| F|  |TAMS 0x0000000702100000, 0x0000000702100000| Untracked 
|  26|0x0000000702200000, 0x0000000702200000, 0x0000000702300000|  0%| F|  |TAMS 0x0000000702200000, 0x0000000702200000| Untracked 
|  27|0x0000000702300000, 0x0000000702300000, 0x0000000702400000|  0%| F|  |TAMS 0x0000000702300000, 0x0000000702300000| Untracked 
|  28|0x0000000702400000, 0x0000000702400000, 0x0000000702500000|  0%| F|  |TAMS 0x0000000702400000, 0x0000000702400000| Untracked 
|  29|0x0000000702500000, 0x0000000702500000, 0x0000000702600000|  0%| F|  |TAMS 0x0000000702500000, 0x0000000702500000| Untracked 
|  30|0x0000000702600000, 0x0000000702600000, 0x0000000702700000|  0%| F|  |TAMS 0x0000000702600000, 0x0000000702600000| Untracked 
|  31|0x0000000702700000, 0x0000000702700000, 0x0000000702800000|  0%| F|  |TAMS 0x0000000702700000, 0x0000000702700000| Untracked 
|  32|0x0000000702800000, 0x0000000702800000, 0x0000000702900000|  0%| F|  |TAMS 0x0000000702800000, 0x0000000702800000| Untracked 
|  33|0x0000000702900000, 0x0000000702900000, 0x0000000702a00000|  0%| F|  |TAMS 0x0000000702900000, 0x0000000702900000| Untracked 
|  34|0x0000000702a00000, 0x0000000702a00000, 0x0000000702b00000|  0%| F|  |TAMS 0x0000000702a00000, 0x0000000702a00000| Untracked 
|  35|0x0000000702b00000, 0x0000000702b00000, 0x0000000702c00000|  0%| F|  |TAMS 0x0000000702b00000, 0x0000000702b00000| Untracked 
|  36|0x0000000702c00000, 0x0000000702c00000, 0x0000000702d00000|  0%| F|  |TAMS 0x0000000702c00000, 0x0000000702c00000| Untracked 
|  37|0x0000000702d00000, 0x0000000702d00000, 0x0000000702e00000|  0%| F|  |TAMS 0x0000000702d00000, 0x0000000702d00000| Untracked 
|  38|0x0000000702e00000, 0x0000000702e00000, 0x0000000702f00000|  0%| F|  |TAMS 0x0000000702e00000, 0x0000000702e00000| Untracked 
|  39|0x0000000702f00000, 0x0000000702f00000, 0x0000000703000000|  0%| F|  |TAMS 0x0000000702f00000, 0x0000000702f00000| Untracked 
|  40|0x0000000703000000, 0x0000000703000000, 0x0000000703100000|  0%| F|  |TAMS 0x0000000703000000, 0x0000000703000000| Untracked 
|  41|0x0000000703100000, 0x0000000703100000, 0x0000000703200000|  0%| F|  |TAMS 0x0000000703100000, 0x0000000703100000| Untracked 
|  42|0x0000000703200000, 0x0000000703200000, 0x0000000703300000|  0%| F|  |TAMS 0x0000000703200000, 0x0000000703200000| Untracked 
|  43|0x0000000703300000, 0x0000000703300000, 0x0000000703400000|  0%| F|  |TAMS 0x0000000703300000, 0x0000000703300000| Untracked 
|  44|0x0000000703400000, 0x0000000703400000, 0x0000000703500000|  0%| F|  |TAMS 0x0000000703400000, 0x0000000703400000| Untracked 
|  45|0x0000000703500000, 0x0000000703500000, 0x0000000703600000|  0%| F|  |TAMS 0x0000000703500000, 0x0000000703500000| Untracked 
|  46|0x0000000703600000, 0x0000000703600000, 0x0000000703700000|  0%| F|  |TAMS 0x0000000703600000, 0x0000000703600000| Untracked 
|  47|0x0000000703700000, 0x0000000703700000, 0x0000000703800000|  0%| F|  |TAMS 0x0000000703700000, 0x0000000703700000| Untracked 
|  48|0x0000000703800000, 0x0000000703800000, 0x0000000703900000|  0%| F|  |TAMS 0x0000000703800000, 0x0000000703800000| Untracked 
|  49|0x0000000703900000, 0x0000000703900000, 0x0000000703a00000|  0%| F|  |TAMS 0x0000000703900000, 0x0000000703900000| Untracked 
|  50|0x0000000703a00000, 0x0000000703a00000, 0x0000000703b00000|  0%| F|  |TAMS 0x0000000703a00000, 0x0000000703a00000| Untracked 
|  51|0x0000000703b00000, 0x0000000703b00000, 0x0000000703c00000|  0%| F|  |TAMS 0x0000000703b00000, 0x0000000703b00000| Untracked 
|  52|0x0000000703c00000, 0x0000000703c00000, 0x0000000703d00000|  0%| F|  |TAMS 0x0000000703c00000, 0x0000000703c00000| Untracked 
|  53|0x0000000703d00000, 0x0000000703d00000, 0x0000000703e00000|  0%| F|  |TAMS 0x0000000703d00000, 0x0000000703d00000| Untracked 
|  54|0x0000000703e00000, 0x0000000703e00000, 0x0000000703f00000|  0%| F|  |TAMS 0x0000000703e00000, 0x0000000703e00000| Untracked 
|  55|0x0000000703f00000, 0x0000000703f00000, 0x0000000704000000|  0%| F|  |TAMS 0x0000000703f00000, 0x0000000703f00000| Untracked 
|  56|0x0000000704000000, 0x0000000704000000, 0x0000000704100000|  0%| F|  |TAMS 0x0000000704000000, 0x0000000704000000| Untracked 
|  57|0x0000000704100000, 0x0000000704100000, 0x0000000704200000|  0%| F|  |TAMS 0x0000000704100000, 0x0000000704100000| Untracked 
|  58|0x0000000704200000, 0x0000000704200000, 0x0000000704300000|  0%| F|  |TAMS 0x0000000704200000, 0x0000000704200000| Untracked 
|  59|0x0000000704300000, 0x0000000704300000, 0x0000000704400000|  0%| F|  |TAMS 0x0000000704300000, 0x0000000704300000| Untracked 
|  60|0x0000000704400000, 0x0000000704400000, 0x0000000704500000|  0%| F|  |TAMS 0x0000000704400000, 0x0000000704400000| Untracked 
|  61|0x0000000704500000, 0x0000000704500000, 0x0000000704600000|  0%| F|  |TAMS 0x0000000704500000, 0x0000000704500000| Untracked 
|  62|0x0000000704600000, 0x0000000704600000, 0x0000000704700000|  0%| F|  |TAMS 0x0000000704600000, 0x0000000704600000| Untracked 
|  63|0x0000000704700000, 0x0000000704700000, 0x0000000704800000|  0%| F|  |TAMS 0x0000000704700000, 0x0000000704700000| Untracked 
|  64|0x0000000704800000, 0x0000000704800000, 0x0000000704900000|  0%| F|  |TAMS 0x0000000704800000, 0x0000000704800000| Untracked 
|  65|0x0000000704900000, 0x0000000704900000, 0x0000000704a00000|  0%| F|  |TAMS 0x0000000704900000, 0x0000000704900000| Untracked 
|  66|0x0000000704a00000, 0x0000000704a00000, 0x0000000704b00000|  0%| F|  |TAMS 0x0000000704a00000, 0x0000000704a00000| Untracked 
|  67|0x0000000704b00000, 0x0000000704b00000, 0x0000000704c00000|  0%| F|  |TAMS 0x0000000704b00000, 0x0000000704b00000| Untracked 
|  68|0x0000000704c00000, 0x0000000704c00000, 0x0000000704d00000|  0%| F|  |TAMS 0x0000000704c00000, 0x0000000704c00000| Untracked 
|  69|0x0000000704d00000, 0x0000000704d00000, 0x0000000704e00000|  0%| F|  |TAMS 0x0000000704d00000, 0x0000000704d00000| Untracked 
|  70|0x0000000704e00000, 0x0000000704e00000, 0x0000000704f00000|  0%| F|  |TAMS 0x0000000704e00000, 0x0000000704e00000| Untracked 
|  71|0x0000000704f00000, 0x0000000704f00000, 0x0000000705000000|  0%| F|  |TAMS 0x0000000704f00000, 0x0000000704f00000| Untracked 
|  72|0x0000000705000000, 0x0000000705000000, 0x0000000705100000|  0%| F|  |TAMS 0x0000000705000000, 0x0000000705000000| Untracked 
|  73|0x0000000705100000, 0x0000000705100000, 0x0000000705200000|  0%| F|  |TAMS 0x0000000705100000, 0x0000000705100000| Untracked 
|  74|0x0000000705200000, 0x0000000705200000, 0x0000000705300000|  0%| F|  |TAMS 0x0000000705200000, 0x0000000705200000| Untracked 
|  75|0x0000000705300000, 0x0000000705300000, 0x0000000705400000|  0%| F|  |TAMS 0x0000000705300000, 0x0000000705300000| Untracked 
|  76|0x0000000705400000, 0x0000000705400000, 0x0000000705500000|  0%| F|  |TAMS 0x0000000705400000, 0x0000000705400000| Untracked 
|  77|0x0000000705500000, 0x0000000705500000, 0x0000000705600000|  0%| F|  |TAMS 0x0000000705500000, 0x0000000705500000| Untracked 
|  78|0x0000000705600000, 0x0000000705600000, 0x0000000705700000|  0%| F|  |TAMS 0x0000000705600000, 0x0000000705600000| Untracked 
|  79|0x0000000705700000, 0x0000000705700000, 0x0000000705800000|  0%| F|  |TAMS 0x0000000705700000, 0x0000000705700000| Untracked 
|  80|0x0000000705800000, 0x0000000705800000, 0x0000000705900000|  0%| F|  |TAMS 0x0000000705800000, 0x0000000705800000| Untracked 
|  81|0x0000000705900000, 0x0000000705900000, 0x0000000705a00000|  0%| F|  |TAMS 0x0000000705900000, 0x0000000705900000| Untracked 
|  82|0x0000000705a00000, 0x0000000705a00000, 0x0000000705b00000|  0%| F|  |TAMS 0x0000000705a00000, 0x0000000705a00000| Untracked 
|  83|0x0000000705b00000, 0x0000000705b00000, 0x0000000705c00000|  0%| F|  |TAMS 0x0000000705b00000, 0x0000000705b00000| Untracked 
|  84|0x0000000705c00000, 0x0000000705c00000, 0x0000000705d00000|  0%| F|  |TAMS 0x0000000705c00000, 0x0000000705c00000| Untracked 
|  85|0x0000000705d00000, 0x0000000705d00000, 0x0000000705e00000|  0%| F|  |TAMS 0x0000000705d00000, 0x0000000705d00000| Untracked 
|  86|0x0000000705e00000, 0x0000000705e00000, 0x0000000705f00000|  0%| F|  |TAMS 0x0000000705e00000, 0x0000000705e00000| Untracked 
|  87|0x0000000705f00000, 0x0000000705f00000, 0x0000000706000000|  0%| F|  |TAMS 0x0000000705f00000, 0x0000000705f00000| Untracked 
|  88|0x0000000706000000, 0x0000000706000000, 0x0000000706100000|  0%| F|  |TAMS 0x0000000706000000, 0x0000000706000000| Untracked 
|  89|0x0000000706100000, 0x0000000706100000, 0x0000000706200000|  0%| F|  |TAMS 0x0000000706100000, 0x0000000706100000| Untracked 
|  90|0x0000000706200000, 0x0000000706200000, 0x0000000706300000|  0%| F|  |TAMS 0x0000000706200000, 0x0000000706200000| Untracked 
|  91|0x0000000706300000, 0x0000000706300000, 0x0000000706400000|  0%| F|  |TAMS 0x0000000706300000, 0x0000000706300000| Untracked 
|  92|0x0000000706400000, 0x0000000706400000, 0x0000000706500000|  0%| F|  |TAMS 0x0000000706400000, 0x0000000706400000| Untracked 
|  93|0x0000000706500000, 0x0000000706500000, 0x0000000706600000|  0%| F|  |TAMS 0x0000000706500000, 0x0000000706500000| Untracked 
|  94|0x0000000706600000, 0x0000000706600000, 0x0000000706700000|  0%| F|  |TAMS 0x0000000706600000, 0x0000000706600000| Untracked 
|  95|0x0000000706700000, 0x0000000706700000, 0x0000000706800000|  0%| F|  |TAMS 0x0000000706700000, 0x0000000706700000| Untracked 
|  96|0x0000000706800000, 0x0000000706800000, 0x0000000706900000|  0%| F|  |TAMS 0x0000000706800000, 0x0000000706800000| Untracked 
|  97|0x0000000706900000, 0x0000000706900000, 0x0000000706a00000|  0%| F|  |TAMS 0x0000000706900000, 0x0000000706900000| Untracked 
|  98|0x0000000706a00000, 0x0000000706a00000, 0x0000000706b00000|  0%| F|  |TAMS 0x0000000706a00000, 0x0000000706a00000| Untracked 
|  99|0x0000000706b00000, 0x0000000706b00000, 0x0000000706c00000|  0%| F|  |TAMS 0x0000000706b00000, 0x0000000706b00000| Untracked 
| 100|0x0000000706c00000, 0x0000000706c00000, 0x0000000706d00000|  0%| F|  |TAMS 0x0000000706c00000, 0x0000000706c00000| Untracked 
| 101|0x0000000706d00000, 0x0000000706d00000, 0x0000000706e00000|  0%| F|  |TAMS 0x0000000706d00000, 0x0000000706d00000| Untracked 
| 102|0x0000000706e00000, 0x0000000706e00000, 0x0000000706f00000|  0%| F|  |TAMS 0x0000000706e00000, 0x0000000706e00000| Untracked 
| 103|0x0000000706f00000, 0x0000000706f00000, 0x0000000707000000|  0%| F|  |TAMS 0x0000000706f00000, 0x0000000706f00000| Untracked 
| 104|0x0000000707000000, 0x0000000707000000, 0x0000000707100000|  0%| F|  |TAMS 0x0000000707000000, 0x0000000707000000| Untracked 
| 105|0x0000000707100000, 0x0000000707100000, 0x0000000707200000|  0%| F|  |TAMS 0x0000000707100000, 0x0000000707100000| Untracked 
| 106|0x0000000707200000, 0x0000000707200000, 0x0000000707300000|  0%| F|  |TAMS 0x0000000707200000, 0x0000000707200000| Untracked 
| 107|0x0000000707300000, 0x0000000707300000, 0x0000000707400000|  0%| F|  |TAMS 0x0000000707300000, 0x0000000707300000| Untracked 
| 108|0x0000000707400000, 0x0000000707400000, 0x0000000707500000|  0%| F|  |TAMS 0x0000000707400000, 0x0000000707400000| Untracked 
| 109|0x0000000707500000, 0x0000000707500000, 0x0000000707600000|  0%| F|  |TAMS 0x0000000707500000, 0x0000000707500000| Untracked 
| 110|0x0000000707600000, 0x0000000707600000, 0x0000000707700000|  0%| F|  |TAMS 0x0000000707600000, 0x0000000707600000| Untracked 
| 111|0x0000000707700000, 0x0000000707700000, 0x0000000707800000|  0%| F|  |TAMS 0x0000000707700000, 0x0000000707700000| Untracked 
| 112|0x0000000707800000, 0x0000000707800000, 0x0000000707900000|  0%| F|  |TAMS 0x0000000707800000, 0x0000000707800000| Untracked 
| 113|0x0000000707900000, 0x0000000707900000, 0x0000000707a00000|  0%| F|  |TAMS 0x0000000707900000, 0x0000000707900000| Untracked 
| 114|0x0000000707a00000, 0x0000000707a00000, 0x0000000707b00000|  0%| F|  |TAMS 0x0000000707a00000, 0x0000000707a00000| Untracked 
| 115|0x0000000707b00000, 0x0000000707b00000, 0x0000000707c00000|  0%| F|  |TAMS 0x0000000707b00000, 0x0000000707b00000| Untracked 
| 116|0x0000000707c00000, 0x0000000707c00000, 0x0000000707d00000|  0%| F|  |TAMS 0x0000000707c00000, 0x0000000707c00000| Untracked 
| 117|0x0000000707d00000, 0x0000000707d00000, 0x0000000707e00000|  0%| F|  |TAMS 0x0000000707d00000, 0x0000000707d00000| Untracked 
| 118|0x0000000707e00000, 0x0000000707e00000, 0x0000000707f00000|  0%| F|  |TAMS 0x0000000707e00000, 0x0000000707e00000| Untracked 
| 119|0x0000000707f00000, 0x0000000707f00000, 0x0000000708000000|  0%| F|  |TAMS 0x0000000707f00000, 0x0000000707f00000| Untracked 
| 120|0x0000000708000000, 0x0000000708000000, 0x0000000708100000|  0%| F|  |TAMS 0x0000000708000000, 0x0000000708000000| Untracked 
| 121|0x0000000708100000, 0x0000000708100000, 0x0000000708200000|  0%| F|  |TAMS 0x0000000708100000, 0x0000000708100000| Untracked 
| 122|0x0000000708200000, 0x0000000708200000, 0x0000000708300000|  0%| F|  |TAMS 0x0000000708200000, 0x0000000708200000| Untracked 
| 123|0x0000000708300000, 0x0000000708300000, 0x0000000708400000|  0%| F|  |TAMS 0x0000000708300000, 0x0000000708300000| Untracked 
| 124|0x0000000708400000, 0x0000000708400000, 0x0000000708500000|  0%| F|  |TAMS 0x0000000708400000, 0x0000000708400000| Untracked 
| 125|0x0000000708500000, 0x0000000708500000, 0x0000000708600000|  0%| F|  |TAMS 0x0000000708500000, 0x0000000708500000| Untracked 
| 126|0x0000000708600000, 0x0000000708600000, 0x0000000708700000|  0%| F|  |TAMS 0x0000000708600000, 0x0000000708600000| Untracked 
| 127|0x0000000708700000, 0x0000000708700000, 0x0000000708800000|  0%| F|  |TAMS 0x0000000708700000, 0x0000000708700000| Untracked 
| 128|0x0000000708800000, 0x0000000708800000, 0x0000000708900000|  0%| F|  |TAMS 0x0000000708800000, 0x0000000708800000| Untracked 
| 129|0x0000000708900000, 0x0000000708900000, 0x0000000708a00000|  0%| F|  |TAMS 0x0000000708900000, 0x0000000708900000| Untracked 
| 130|0x0000000708a00000, 0x0000000708a00000, 0x0000000708b00000|  0%| F|  |TAMS 0x0000000708a00000, 0x0000000708a00000| Untracked 
| 131|0x0000000708b00000, 0x0000000708b00000, 0x0000000708c00000|  0%| F|  |TAMS 0x0000000708b00000, 0x0000000708b00000| Untracked 
| 132|0x0000000708c00000, 0x0000000708c00000, 0x0000000708d00000|  0%| F|  |TAMS 0x0000000708c00000, 0x0000000708c00000| Untracked 
| 133|0x0000000708d00000, 0x0000000708d00000, 0x0000000708e00000|  0%| F|  |TAMS 0x0000000708d00000, 0x0000000708d00000| Untracked 
| 134|0x0000000708e00000, 0x0000000708e00000, 0x0000000708f00000|  0%| F|  |TAMS 0x0000000708e00000, 0x0000000708e00000| Untracked 
| 135|0x0000000708f00000, 0x0000000708f00000, 0x0000000709000000|  0%| F|  |TAMS 0x0000000708f00000, 0x0000000708f00000| Untracked 
| 136|0x0000000709000000, 0x0000000709000000, 0x0000000709100000|  0%| F|  |TAMS 0x0000000709000000, 0x0000000709000000| Untracked 
| 137|0x0000000709100000, 0x0000000709100000, 0x0000000709200000|  0%| F|  |TAMS 0x0000000709100000, 0x0000000709100000| Untracked 
| 138|0x0000000709200000, 0x0000000709200000, 0x0000000709300000|  0%| F|  |TAMS 0x0000000709200000, 0x0000000709200000| Untracked 
| 139|0x0000000709300000, 0x0000000709300000, 0x0000000709400000|  0%| F|  |TAMS 0x0000000709300000, 0x0000000709300000| Untracked 
| 140|0x0000000709400000, 0x0000000709400000, 0x0000000709500000|  0%| F|  |TAMS 0x0000000709400000, 0x0000000709400000| Untracked 
| 141|0x0000000709500000, 0x0000000709500000, 0x0000000709600000|  0%| F|  |TAMS 0x0000000709500000, 0x0000000709500000| Untracked 
| 142|0x0000000709600000, 0x0000000709600000, 0x0000000709700000|  0%| F|  |TAMS 0x0000000709600000, 0x0000000709600000| Untracked 
| 143|0x0000000709700000, 0x0000000709700000, 0x0000000709800000|  0%| F|  |TAMS 0x0000000709700000, 0x0000000709700000| Untracked 
| 144|0x0000000709800000, 0x0000000709800000, 0x0000000709900000|  0%| F|  |TAMS 0x0000000709800000, 0x0000000709800000| Untracked 
| 145|0x0000000709900000, 0x0000000709900000, 0x0000000709a00000|  0%| F|  |TAMS 0x0000000709900000, 0x0000000709900000| Untracked 
| 146|0x0000000709a00000, 0x0000000709a00000, 0x0000000709b00000|  0%| F|  |TAMS 0x0000000709a00000, 0x0000000709a00000| Untracked 
| 147|0x0000000709b00000, 0x0000000709b00000, 0x0000000709c00000|  0%| F|  |TAMS 0x0000000709b00000, 0x0000000709b00000| Untracked 
| 148|0x0000000709c00000, 0x0000000709c00000, 0x0000000709d00000|  0%| F|  |TAMS 0x0000000709c00000, 0x0000000709c00000| Untracked 
| 149|0x0000000709d00000, 0x0000000709d00000, 0x0000000709e00000|  0%| F|  |TAMS 0x0000000709d00000, 0x0000000709d00000| Untracked 
| 150|0x0000000709e00000, 0x0000000709e00000, 0x0000000709f00000|  0%| F|  |TAMS 0x0000000709e00000, 0x0000000709e00000| Untracked 
| 151|0x0000000709f00000, 0x0000000709f00000, 0x000000070a000000|  0%| F|  |TAMS 0x0000000709f00000, 0x0000000709f00000| Untracked 
| 152|0x000000070a000000, 0x000000070a000000, 0x000000070a100000|  0%| F|  |TAMS 0x000000070a000000, 0x000000070a000000| Untracked 
| 153|0x000000070a100000, 0x000000070a100000, 0x000000070a200000|  0%| F|  |TAMS 0x000000070a100000, 0x000000070a100000| Untracked 
| 154|0x000000070a200000, 0x000000070a200000, 0x000000070a300000|  0%| F|  |TAMS 0x000000070a200000, 0x000000070a200000| Untracked 
| 155|0x000000070a300000, 0x000000070a300000, 0x000000070a400000|  0%| F|  |TAMS 0x000000070a300000, 0x000000070a300000| Untracked 
| 156|0x000000070a400000, 0x000000070a400000, 0x000000070a500000|  0%| F|  |TAMS 0x000000070a400000, 0x000000070a400000| Untracked 
| 157|0x000000070a500000, 0x000000070a500000, 0x000000070a600000|  0%| F|  |TAMS 0x000000070a500000, 0x000000070a500000| Untracked 
| 158|0x000000070a600000, 0x000000070a600000, 0x000000070a700000|  0%| F|  |TAMS 0x000000070a600000, 0x000000070a600000| Untracked 
| 159|0x000000070a700000, 0x000000070a700000, 0x000000070a800000|  0%| F|  |TAMS 0x000000070a700000, 0x000000070a700000| Untracked 
| 160|0x000000070a800000, 0x000000070a800000, 0x000000070a900000|  0%| F|  |TAMS 0x000000070a800000, 0x000000070a800000| Untracked 
| 161|0x000000070a900000, 0x000000070a900000, 0x000000070aa00000|  0%| F|  |TAMS 0x000000070a900000, 0x000000070a900000| Untracked 
| 162|0x000000070aa00000, 0x000000070aa00000, 0x000000070ab00000|  0%| F|  |TAMS 0x000000070aa00000, 0x000000070aa00000| Untracked 
| 163|0x000000070ab00000, 0x000000070ab00000, 0x000000070ac00000|  0%| F|  |TAMS 0x000000070ab00000, 0x000000070ab00000| Untracked 
| 164|0x000000070ac00000, 0x000000070ac00000, 0x000000070ad00000|  0%| F|  |TAMS 0x000000070ac00000, 0x000000070ac00000| Untracked 
| 165|0x000000070ad00000, 0x000000070ad00000, 0x000000070ae00000|  0%| F|  |TAMS 0x000000070ad00000, 0x000000070ad00000| Untracked 
| 166|0x000000070ae00000, 0x000000070ae00000, 0x000000070af00000|  0%| F|  |TAMS 0x000000070ae00000, 0x000000070ae00000| Untracked 
| 167|0x000000070af00000, 0x000000070af00000, 0x000000070b000000|  0%| F|  |TAMS 0x000000070af00000, 0x000000070af00000| Untracked 
| 168|0x000000070b000000, 0x000000070b000000, 0x000000070b100000|  0%| F|  |TAMS 0x000000070b000000, 0x000000070b000000| Untracked 
| 169|0x000000070b100000, 0x000000070b100000, 0x000000070b200000|  0%| F|  |TAMS 0x000000070b100000, 0x000000070b100000| Untracked 
| 170|0x000000070b200000, 0x000000070b200000, 0x000000070b300000|  0%| F|  |TAMS 0x000000070b200000, 0x000000070b200000| Untracked 
| 171|0x000000070b300000, 0x000000070b300000, 0x000000070b400000|  0%| F|  |TAMS 0x000000070b300000, 0x000000070b300000| Untracked 
| 172|0x000000070b400000, 0x000000070b400000, 0x000000070b500000|  0%| F|  |TAMS 0x000000070b400000, 0x000000070b400000| Untracked 
| 173|0x000000070b500000, 0x000000070b500000, 0x000000070b600000|  0%| F|  |TAMS 0x000000070b500000, 0x000000070b500000| Untracked 
| 174|0x000000070b600000, 0x000000070b600000, 0x000000070b700000|  0%| F|  |TAMS 0x000000070b600000, 0x000000070b600000| Untracked 
| 175|0x000000070b700000, 0x000000070b700000, 0x000000070b800000|  0%| F|  |TAMS 0x000000070b700000, 0x000000070b700000| Untracked 
| 176|0x000000070b800000, 0x000000070b800000, 0x000000070b900000|  0%| F|  |TAMS 0x000000070b800000, 0x000000070b800000| Untracked 
| 177|0x000000070b900000, 0x000000070b900000, 0x000000070ba00000|  0%| F|  |TAMS 0x000000070b900000, 0x000000070b900000| Untracked 
| 178|0x000000070ba00000, 0x000000070ba00000, 0x000000070bb00000|  0%| F|  |TAMS 0x000000070ba00000, 0x000000070ba00000| Untracked 
| 179|0x000000070bb00000, 0x000000070bb00000, 0x000000070bc00000|  0%| F|  |TAMS 0x000000070bb00000, 0x000000070bb00000| Untracked 
| 180|0x000000070bc00000, 0x000000070bc00000, 0x000000070bd00000|  0%| F|  |TAMS 0x000000070bc00000, 0x000000070bc00000| Untracked 
| 181|0x000000070bd00000, 0x000000070bd00000, 0x000000070be00000|  0%| F|  |TAMS 0x000000070bd00000, 0x000000070bd00000| Untracked 
| 182|0x000000070be00000, 0x000000070be00000, 0x000000070bf00000|  0%| F|  |TAMS 0x000000070be00000, 0x000000070be00000| Untracked 
| 183|0x000000070bf00000, 0x000000070bf00000, 0x000000070c000000|  0%| F|  |TAMS 0x000000070bf00000, 0x000000070bf00000| Untracked 
| 184|0x000000070c000000, 0x000000070c000000, 0x000000070c100000|  0%| F|  |TAMS 0x000000070c000000, 0x000000070c000000| Untracked 
| 185|0x000000070c100000, 0x000000070c100000, 0x000000070c200000|  0%| F|  |TAMS 0x000000070c100000, 0x000000070c100000| Untracked 
| 186|0x000000070c200000, 0x000000070c200000, 0x000000070c300000|  0%| F|  |TAMS 0x000000070c200000, 0x000000070c200000| Untracked 
| 187|0x000000070c300000, 0x000000070c300000, 0x000000070c400000|  0%| F|  |TAMS 0x000000070c300000, 0x000000070c300000| Untracked 
| 188|0x000000070c400000, 0x000000070c400000, 0x000000070c500000|  0%| F|  |TAMS 0x000000070c400000, 0x000000070c400000| Untracked 
| 189|0x000000070c500000, 0x000000070c500000, 0x000000070c600000|  0%| F|  |TAMS 0x000000070c500000, 0x000000070c500000| Untracked 
| 190|0x000000070c600000, 0x000000070c600000, 0x000000070c700000|  0%| F|  |TAMS 0x000000070c600000, 0x000000070c600000| Untracked 
| 191|0x000000070c700000, 0x000000070c700000, 0x000000070c800000|  0%| F|  |TAMS 0x000000070c700000, 0x000000070c700000| Untracked 
| 192|0x000000070c800000, 0x000000070c800000, 0x000000070c900000|  0%| F|  |TAMS 0x000000070c800000, 0x000000070c800000| Untracked 
| 193|0x000000070c900000, 0x000000070c900000, 0x000000070ca00000|  0%| F|  |TAMS 0x000000070c900000, 0x000000070c900000| Untracked 
| 194|0x000000070ca00000, 0x000000070ca00000, 0x000000070cb00000|  0%| F|  |TAMS 0x000000070ca00000, 0x000000070ca00000| Untracked 
| 195|0x000000070cb00000, 0x000000070cb00000, 0x000000070cc00000|  0%| F|  |TAMS 0x000000070cb00000, 0x000000070cb00000| Untracked 
| 196|0x000000070cc00000, 0x000000070cc00000, 0x000000070cd00000|  0%| F|  |TAMS 0x000000070cc00000, 0x000000070cc00000| Untracked 
| 197|0x000000070cd00000, 0x000000070cd00000, 0x000000070ce00000|  0%| F|  |TAMS 0x000000070cd00000, 0x000000070cd00000| Untracked 
| 198|0x000000070ce00000, 0x000000070ce00000, 0x000000070cf00000|  0%| F|  |TAMS 0x000000070ce00000, 0x000000070ce00000| Untracked 
| 199|0x000000070cf00000, 0x000000070cf00000, 0x000000070d000000|  0%| F|  |TAMS 0x000000070cf00000, 0x000000070cf00000| Untracked 
| 200|0x000000070d000000, 0x000000070d000000, 0x000000070d100000|  0%| F|  |TAMS 0x000000070d000000, 0x000000070d000000| Untracked 
| 201|0x000000070d100000, 0x000000070d100000, 0x000000070d200000|  0%| F|  |TAMS 0x000000070d100000, 0x000000070d100000| Untracked 
| 202|0x000000070d200000, 0x000000070d200000, 0x000000070d300000|  0%| F|  |TAMS 0x000000070d200000, 0x000000070d200000| Untracked 
| 203|0x000000070d300000, 0x000000070d300000, 0x000000070d400000|  0%| F|  |TAMS 0x000000070d300000, 0x000000070d300000| Untracked 
| 204|0x000000070d400000, 0x000000070d400000, 0x000000070d500000|  0%| F|  |TAMS 0x000000070d400000, 0x000000070d400000| Untracked 
| 205|0x000000070d500000, 0x000000070d500000, 0x000000070d600000|  0%| F|  |TAMS 0x000000070d500000, 0x000000070d500000| Untracked 
| 206|0x000000070d600000, 0x000000070d600000, 0x000000070d700000|  0%| F|  |TAMS 0x000000070d600000, 0x000000070d600000| Untracked 
| 207|0x000000070d700000, 0x000000070d700000, 0x000000070d800000|  0%| F|  |TAMS 0x000000070d700000, 0x000000070d700000| Untracked 
| 208|0x000000070d800000, 0x000000070d800000, 0x000000070d900000|  0%| F|  |TAMS 0x000000070d800000, 0x000000070d800000| Untracked 
| 209|0x000000070d900000, 0x000000070d900000, 0x000000070da00000|  0%| F|  |TAMS 0x000000070d900000, 0x000000070d900000| Untracked 
| 210|0x000000070da00000, 0x000000070da00000, 0x000000070db00000|  0%| F|  |TAMS 0x000000070da00000, 0x000000070da00000| Untracked 
| 211|0x000000070db00000, 0x000000070db00000, 0x000000070dc00000|  0%| F|  |TAMS 0x000000070db00000, 0x000000070db00000| Untracked 
| 212|0x000000070dc00000, 0x000000070dc00000, 0x000000070dd00000|  0%| F|  |TAMS 0x000000070dc00000, 0x000000070dc00000| Untracked 
| 213|0x000000070dd00000, 0x000000070dd00000, 0x000000070de00000|  0%| F|  |TAMS 0x000000070dd00000, 0x000000070dd00000| Untracked 
| 214|0x000000070de00000, 0x000000070de00000, 0x000000070df00000|  0%| F|  |TAMS 0x000000070de00000, 0x000000070de00000| Untracked 
| 215|0x000000070df00000, 0x000000070df00000, 0x000000070e000000|  0%| F|  |TAMS 0x000000070df00000, 0x000000070df00000| Untracked 
| 216|0x000000070e000000, 0x000000070e000000, 0x000000070e100000|  0%| F|  |TAMS 0x000000070e000000, 0x000000070e000000| Untracked 
| 217|0x000000070e100000, 0x000000070e100000, 0x000000070e200000|  0%| F|  |TAMS 0x000000070e100000, 0x000000070e100000| Untracked 
| 218|0x000000070e200000, 0x000000070e200000, 0x000000070e300000|  0%| F|  |TAMS 0x000000070e200000, 0x000000070e200000| Untracked 
| 219|0x000000070e300000, 0x000000070e300000, 0x000000070e400000|  0%| F|  |TAMS 0x000000070e300000, 0x000000070e300000| Untracked 
| 220|0x000000070e400000, 0x000000070e400000, 0x000000070e500000|  0%| F|  |TAMS 0x000000070e400000, 0x000000070e400000| Untracked 
| 221|0x000000070e500000, 0x000000070e500000, 0x000000070e600000|  0%| F|  |TAMS 0x000000070e500000, 0x000000070e500000| Untracked 
| 222|0x000000070e600000, 0x000000070e600000, 0x000000070e700000|  0%| F|  |TAMS 0x000000070e600000, 0x000000070e600000| Untracked 
| 223|0x000000070e700000, 0x000000070e700000, 0x000000070e800000|  0%| F|  |TAMS 0x000000070e700000, 0x000000070e700000| Untracked 
| 224|0x000000070e800000, 0x000000070e800000, 0x000000070e900000|  0%| F|  |TAMS 0x000000070e800000, 0x000000070e800000| Untracked 
| 225|0x000000070e900000, 0x000000070e900000, 0x000000070ea00000|  0%| F|  |TAMS 0x000000070e900000, 0x000000070e900000| Untracked 
| 226|0x000000070ea00000, 0x000000070ea00000, 0x000000070eb00000|  0%| F|  |TAMS 0x000000070ea00000, 0x000000070ea00000| Untracked 
| 227|0x000000070eb00000, 0x000000070eb00000, 0x000000070ec00000|  0%| F|  |TAMS 0x000000070eb00000, 0x000000070eb00000| Untracked 
| 228|0x000000070ec00000, 0x000000070ec00000, 0x000000070ed00000|  0%| F|  |TAMS 0x000000070ec00000, 0x000000070ec00000| Untracked 
| 229|0x000000070ed00000, 0x000000070ed00000, 0x000000070ee00000|  0%| F|  |TAMS 0x000000070ed00000, 0x000000070ed00000| Untracked 
| 230|0x000000070ee00000, 0x000000070ee00000, 0x000000070ef00000|  0%| F|  |TAMS 0x000000070ee00000, 0x000000070ee00000| Untracked 
| 231|0x000000070ef00000, 0x000000070ef00000, 0x000000070f000000|  0%| F|  |TAMS 0x000000070ef00000, 0x000000070ef00000| Untracked 
| 232|0x000000070f000000, 0x000000070f000000, 0x000000070f100000|  0%| F|  |TAMS 0x000000070f000000, 0x000000070f000000| Untracked 
| 233|0x000000070f100000, 0x000000070f100000, 0x000000070f200000|  0%| F|  |TAMS 0x000000070f100000, 0x000000070f100000| Untracked 
| 234|0x000000070f200000, 0x000000070f200000, 0x000000070f300000|  0%| F|  |TAMS 0x000000070f200000, 0x000000070f200000| Untracked 
| 235|0x000000070f300000, 0x000000070f300000, 0x000000070f400000|  0%| F|  |TAMS 0x000000070f300000, 0x000000070f300000| Untracked 
| 236|0x000000070f400000, 0x000000070f400000, 0x000000070f500000|  0%| F|  |TAMS 0x000000070f400000, 0x000000070f400000| Untracked 
| 237|0x000000070f500000, 0x000000070f500000, 0x000000070f600000|  0%| F|  |TAMS 0x000000070f500000, 0x000000070f500000| Untracked 
| 238|0x000000070f600000, 0x000000070f600000, 0x000000070f700000|  0%| F|  |TAMS 0x000000070f600000, 0x000000070f600000| Untracked 
| 239|0x000000070f700000, 0x000000070f700000, 0x000000070f800000|  0%| F|  |TAMS 0x000000070f700000, 0x000000070f700000| Untracked 
| 240|0x000000070f800000, 0x000000070f800000, 0x000000070f900000|  0%| F|  |TAMS 0x000000070f800000, 0x000000070f800000| Untracked 
| 241|0x000000070f900000, 0x000000070f900000, 0x000000070fa00000|  0%| F|  |TAMS 0x000000070f900000, 0x000000070f900000| Untracked 
| 242|0x000000070fa00000, 0x000000070fa00000, 0x000000070fb00000|  0%| F|  |TAMS 0x000000070fa00000, 0x000000070fa00000| Untracked 
| 243|0x000000070fb00000, 0x000000070fb00000, 0x000000070fc00000|  0%| F|  |TAMS 0x000000070fb00000, 0x000000070fb00000| Untracked 
| 244|0x000000070fc00000, 0x000000070fc16a08, 0x000000070fd00000|  8%| S|CS|TAMS 0x000000070fc00000, 0x000000070fc00000| Complete 
| 245|0x000000070fd00000, 0x000000070fe00000, 0x000000070fe00000|100%| S|CS|TAMS 0x000000070fd00000, 0x000000070fd00000| Complete 
| 246|0x000000070fe00000, 0x000000070ff00000, 0x000000070ff00000|100%| S|CS|TAMS 0x000000070fe00000, 0x000000070fe00000| Complete 
| 247|0x000000070ff00000, 0x000000070ff00000, 0x0000000710000000|  0%| F|  |TAMS 0x000000070ff00000, 0x000000070ff00000| Untracked 
| 248|0x0000000710000000, 0x0000000710000000, 0x0000000710100000|  0%| F|  |TAMS 0x0000000710000000, 0x0000000710000000| Untracked 
| 249|0x0000000710100000, 0x0000000710100000, 0x0000000710200000|  0%| F|  |TAMS 0x0000000710100000, 0x0000000710100000| Untracked 
| 250|0x0000000710200000, 0x0000000710200000, 0x0000000710300000|  0%| F|  |TAMS 0x0000000710200000, 0x0000000710200000| Untracked 
| 251|0x0000000710300000, 0x0000000710400000, 0x0000000710400000|100%| S|CS|TAMS 0x0000000710300000, 0x0000000710300000| Complete 
| 252|0x0000000710400000, 0x0000000710500000, 0x0000000710500000|100%| S|CS|TAMS 0x0000000710400000, 0x0000000710400000| Complete 
| 253|0x0000000710500000, 0x0000000710500000, 0x0000000710600000|  0%| F|  |TAMS 0x0000000710500000, 0x0000000710500000| Untracked 
| 254|0x0000000710600000, 0x0000000710600000, 0x0000000710700000|  0%| F|  |TAMS 0x0000000710600000, 0x0000000710600000| Untracked 
| 255|0x0000000710700000, 0x0000000710700000, 0x0000000710800000|  0%| F|  |TAMS 0x0000000710700000, 0x0000000710700000| Untracked 

Card table byte_map: [0x000001e7ae730000,0x000001e7aef30000] _byte_map_base: 0x000001e7aaf2c000

Marking Bits (Prev, Next): (CMBitMap*) 0x000001e794927d70, (CMBitMap*) 0x000001e794927d38
 Prev Bits: [0x000001e7b3710000, 0x000001e7b76f0000)
 Next Bits: [0x000001e7af730000, 0x000001e7b3710000)

Polling page: 0x000001e7949b0000

Metaspace:

Usage:
  Non-class:     12.46 MB capacity,    12.28 MB ( 99%) used,   150.02 KB (  1%) free+waste,    40.56 KB ( <1%) overhead. 
      Class:      1.86 MB capacity,     1.69 MB ( 91%) used,   158.48 KB (  8%) free+waste,    21.00 KB (  1%) overhead. 
       Both:     14.32 MB capacity,    13.96 MB ( 97%) used,   308.50 KB (  2%) free+waste,    61.56 KB ( <1%) overhead. 

Virtual space:
  Non-class space:       32.00 MB reserved,      12.50 MB ( 39%) committed 
      Class space:        1.00 GB reserved,       1.88 MB ( <1%) committed 
             Both:        1.03 GB reserved,      14.38 MB (  1%) committed 

Chunk freelists:
   Non-Class:  4.63 KB
       Class:  1.88 KB
        Both:  6.50 KB

CodeHeap 'non-profiled nmethods': size=120000Kb used=420Kb max_used=420Kb free=119579Kb
 bounds [0x000001e7a5f80000, 0x000001e7a61f0000, 0x000001e7ad4b0000]
CodeHeap 'profiled nmethods': size=120000Kb used=2140Kb max_used=2140Kb free=117859Kb
 bounds [0x000001e79ea50000, 0x000001e79ecc0000, 0x000001e7a5f80000]
CodeHeap 'non-nmethods': size=5760Kb used=1166Kb max_used=1177Kb free=4593Kb
 bounds [0x000001e79e4b0000, 0x000001e79e720000, 0x000001e79ea50000]
 total_blobs=1976 nmethods=1171 adapters=416
 compilation: enabled
              stopped_count=0, restarted_count=0
 full_count=0

Compilation events (10 events):
Event: 0.915 Thread 0x000001e7bab45800 1167       3       java.nio.DirectByteBuffer::ix (10 bytes)
Event: 0.915 Thread 0x000001e7bab45800 nmethod 1167 0x000001e79ec65010 code [0x000001e79ec651a0, 0x000001e79ec65318]
Event: 0.915 Thread 0x000001e7bab45800 1169       3       jdk.internal.misc.Unsafe::getByte (7 bytes)
Event: 0.915 Thread 0x000001e7bab45800 nmethod 1169 0x000001e79ec65390 code [0x000001e79ec65540, 0x000001e79ec656b8]
Event: 0.915 Thread 0x000001e7bab45800 1170       1       java.nio.Buffer::limit (5 bytes)
Event: 0.915 Thread 0x000001e7bab45800 nmethod 1170 0x000001e7a5fe9010 code [0x000001e7a5fe91a0, 0x000001e7a5fe92b8]
Event: 0.915 Thread 0x000001e7bab45800 1171       3       java.util.concurrent.ConcurrentHashMap$ValueIterator::next (34 bytes)
Event: 0.916 Thread 0x000001e7bab45800 nmethod 1171 0x000001e79ec65790 code [0x000001e79ec65960, 0x000001e79ec65ca0]
Event: 0.916 Thread 0x000001e7bab45800 1172       3       jdk.internal.jimage.ImageStringsReader::unmaskedHashCode (173 bytes)
Event: 0.916 Thread 0x000001e7bab45800 nmethod 1172 0x000001e79ec65e10 code [0x000001e79ec66060, 0x000001e79ec66cc0]

GC Heap History (6 events):
Event: 0.832 GC heap before
{Heap before GC invocations=0 (full 0):
 garbage-first heap   total 262144K, used 23552K [0x0000000700800000, 0x0000000800000000)
  region size 1024K, 24 young (24576K), 0 survivors (0K)
 Metaspace       used 12569K, capacity 12995K, committed 13184K, reserved 1060864K
  class space    used 1430K, capacity 1602K, committed 1664K, reserved 1048576K
}
Event: 0.835 GC heap after
{Heap after GC invocations=1 (full 0):
 garbage-first heap   total 262144K, used 2544K [0x0000000700800000, 0x0000000800000000)
  region size 1024K, 3 young (3072K), 3 survivors (3072K)
 Metaspace       used 12569K, capacity 12995K, committed 13184K, reserved 1060864K
  class space    used 1430K, capacity 1602K, committed 1664K, reserved 1048576K
}
Event: 0.882 GC heap before
{Heap before GC invocations=1 (full 0):
 garbage-first heap   total 262144K, used 6640K [0x0000000700800000, 0x0000000800000000)
  region size 1024K, 8 young (8192K), 3 survivors (3072K)
 Metaspace       used 13347K, capacity 13717K, committed 13824K, reserved 1069056K
  class space    used 1562K, capacity 1737K, committed 1792K, reserved 1048576K
}
Event: 0.885 GC heap after
{Heap after GC invocations=2 (full 0):
 garbage-first heap   total 262144K, used 3706K [0x0000000700800000, 0x0000000800000000)
  region size 1024K, 4 young (4096K), 4 survivors (4096K)
 Metaspace       used 13347K, capacity 13717K, committed 13824K, reserved 1069056K
  class space    used 1562K, capacity 1737K, committed 1792K, reserved 1048576K
}
Event: 0.916 GC heap before
{Heap before GC invocations=3 (full 0):
 garbage-first heap   total 262144K, used 5754K [0x0000000700800000, 0x0000000800000000)
  region size 1024K, 7 young (7168K), 4 survivors (4096K)
 Metaspace       used 14297K, capacity 14668K, committed 14720K, reserved 1079296K
  class space    used 1725K, capacity 1905K, committed 1920K, reserved 1048576K
}
Event: 0.919 GC heap after
{Heap after GC invocations=4 (full 0):
 garbage-first heap   total 262144K, used 4186K [0x0000000700800000, 0x0000000800000000)
  region size 1024K, 5 young (5120K), 5 survivors (5120K)
 Metaspace       used 14297K, capacity 14668K, committed 14720K, reserved 1079296K
  class space    used 1725K, capacity 1905K, committed 1920K, reserved 1048576K
}

Deoptimization events (10 events):
Event: 0.728 Thread 0x000001e7bb222800 Uncommon trap: reason=class_check action=maybe_recompile pc=0x000001e7a5fbab70 method=java.util.HashMap.putVal(ILjava/lang/Object;Ljava/lang/Object;ZZ)Ljava/lang/Object; @ 91 c2
Event: 0.801 Thread 0x000001e7bb222800 Uncommon trap: reason=unstable_if action=reinterpret pc=0x000001e7a5f8faa0 method=java.lang.String.substring(II)Ljava/lang/String; @ 22 c2
Event: 0.838 Thread 0x000001e7bb222800 Uncommon trap: reason=unstable_if action=reinterpret pc=0x000001e7a5fdd6e0 method=java.io.BufferedInputStream.read()I @ 8 c2
Event: 0.846 Thread 0x000001e7bb222800 Uncommon trap: reason=class_check action=maybe_recompile pc=0x000001e7a5fdf674 method=java.io.DataInputStream.readShort()S @ 4 c2
Event: 0.850 Thread 0x000001e7bb222800 Uncommon trap: reason=class_check action=maybe_recompile pc=0x000001e7a5fdf674 method=java.io.DataInputStream.readShort()S @ 4 c2
Event: 0.850 Thread 0x000001e7bb222800 Uncommon trap: reason=class_check action=maybe_recompile pc=0x000001e7a5fdf674 method=java.io.DataInputStream.readShort()S @ 4 c2
Event: 0.850 Thread 0x000001e7bb222800 Uncommon trap: reason=class_check action=maybe_recompile pc=0x000001e7a5fdf674 method=java.io.DataInputStream.readShort()S @ 4 c2
Event: 0.854 Thread 0x000001e7bb222800 Uncommon trap: reason=unstable_if action=reinterpret pc=0x000001e7a5fd1430 method=java.util.HashMap.putVal(ILjava/lang/Object;Ljava/lang/Object;ZZ)Ljava/lang/Object; @ 162 c2
Event: 0.894 Thread 0x000001e7bb222800 Uncommon trap: reason=unstable_if action=reinterpret pc=0x000001e7a5f8c254 method=java.lang.StringLatin1.canEncode(I)Z @ 4 c2
Event: 0.895 Thread 0x000001e7bb222800 Uncommon trap: reason=unstable_fused_if action=reinterpret pc=0x000001e7a5fca868 method=jdk.internal.org.objectweb.asm.Frame.execute(IILjdk/internal/org/objectweb/asm/ClassWriter;Ljdk/internal/org/objectweb/asm/Item;)V @ 1 c2

Classes redefined (0 events):
No events

Internal exceptions (10 events):
Event: 0.798 Thread 0x000001e7bb222800 Exception <a 'java/lang/NoSuchMethodError'{0x000000070f230b28}: java.lang.invoke.DirectMethodHandle$Holder.invokeStatic(Ljava/lang/Object;Ljava/lang/Object;Ljava/lang/Object;Ljava/lang/Object;Ljava/lang/Object;Ljava/lang/Object;Ljava/lang/Object;Ljava/lan
Event: 0.799 Thread 0x000001e7bb222800 Exception <a 'java/lang/NoSuchMethodError'{0x000000070f24f8b0}: java.lang.invoke.DirectMethodHandle$Holder.invokeStatic(Ljava/lang/Object;Ljava/lang/Object;Ljava/lang/Object;Ljava/lang/Object;Ljava/lang/Object;Ljava/lang/Object;Ljava/lang/Object;Ljava/lan
Event: 0.800 Thread 0x000001e7bb222800 Exception <a 'java/lang/NoSuchMethodError'{0x000000070f26fcc0}: java.lang.invoke.DirectMethodHandle$Holder.invokeStatic(Ljava/lang/Object;Ljava/lang/Object;Ljava/lang/Object;Ljava/lang/Object;Ljava/lang/Object;Ljava/lang/Object;Ljava/lang/Object;Ljava/lan
Event: 0.816 Thread 0x000001e7bb222800 Exception <a 'java/lang/NoSuchMethodError'{0x000000070f1ac5e8}: java.lang.invoke.DirectMethodHandle$Holder.invokeStatic(Ljava/lang/Object;Ljava/lang/Object;Ljava/lang/Object;Ljava/lang/Object;Ljava/lang/Object;Ljava/lang/Object;Ljava/lang/Object;Ljava/lan
Event: 0.817 Thread 0x000001e7bb222800 Exception <a 'java/lang/NoSuchMethodError'{0x000000070f1ba440}: java.lang.invoke.DirectMethodHandle$Holder.invokeStatic(Ljava/lang/Object;Ljava/lang/Object;Ljava/lang/Object;Ljava/lang/Object;Ljava/lang/Object;Ljava/lang/Object;Ljava/lang/Object;Ljava/lan
Event: 0.819 Thread 0x000001e7bb222800 Exception <a 'java/lang/NoSuchMethodError'{0x000000070f1cb3c0}: java.lang.invoke.DirectMethodHandle$Holder.invokeSpecial(Ljava/lang/Object;Ljava/lang/Object;IILjava/lang/Object;Ljava/lang/Object;Ljava/lang/Object;)Ljava/lang/Object;> (0x000000070f1cb3c0) 
Event: 0.819 Thread 0x000001e7bb222800 Exception <a 'java/lang/NoSuchMethodError'{0x000000070f1ce948}: java.lang.invoke.DelegatingMethodHandle$Holder.reinvoke_L(Ljava/lang/Object;IILjava/lang/Object;Ljava/lang/Object;Ljava/lang/Object;)Ljava/lang/Object;> (0x000000070f1ce948) thrown at [./open
Event: 0.819 Thread 0x000001e7bb222800 Exception <a 'java/lang/NoSuchMethodError'{0x000000070f1d2848}: java.lang.invoke.DirectMethodHandle$Holder.invokeStatic(Ljava/lang/Object;Ljava/lang/Object;Ljava/lang/Object;Ljava/lang/Object;I)Ljava/lang/Object;> (0x000000070f1d2848) thrown at [./open/sr
Event: 0.869 Thread 0x000001e7bb222800 Exception <a 'java/lang/NoSuchMethodError'{0x000000071044dea8}: java.lang.invoke.DirectMethodHandle$Holder.invokeStaticInit(Ljava/lang/Object;Ljava/lang/Object;)V> (0x000000071044dea8) thrown at [./open/src/hotspot/share/interpreter/linkResolver.cpp, line
Event: 0.916 Thread 0x000001e7bb222800 Exception <a 'sun/nio/fs/WindowsException'{0x0000000710533180}> (0x0000000710533180) thrown at [./open/src/hotspot/share/prims/jni.cpp, line 611]

Events (10 events):
Event: 0.916 loading class java/lang/CompoundEnumeration done
Event: 0.916 loading class sun/nio/fs/WindowsException
Event: 0.916 loading class sun/nio/fs/WindowsException done
Event: 0.916 loading class java/nio/file/NoSuchFileException
Event: 0.916 loading class java/nio/file/FileSystemException
Event: 0.916 loading class java/nio/file/FileSystemException done
Event: 0.916 loading class java/nio/file/NoSuchFileException done
Event: 0.916 loading class jdk/internal/loader/URLClassPath$1
Event: 0.916 loading class jdk/internal/loader/URLClassPath$1 done
Event: 0.916 Executing VM operation: CollectForMetadataAllocation


Dynamic libraries:
0x00007ff6444d0000 - 0x00007ff644517000 	C:\Program Files\Java\jdk-11.0.7\bin\javaw.exe
0x00007ffe571f0000 - 0x00007ffe573e4000 	C:\Windows\SYSTEM32\ntdll.dll
0x00007ffe57090000 - 0x00007ffe5714d000 	C:\Windows\System32\KERNEL32.DLL
0x00007ffe54a30000 - 0x00007ffe54cf7000 	C:\Windows\System32\KERNELBASE.dll
0x00007ffe55400000 - 0x00007ffe554aa000 	C:\Windows\System32\ADVAPI32.dll
0x00007ffe55a00000 - 0x00007ffe55a9e000 	C:\Windows\System32\msvcrt.dll
0x00007ffe55960000 - 0x00007ffe559fb000 	C:\Windows\System32\sechost.dll
0x00007ffe55250000 - 0x00007ffe55373000 	C:\Windows\System32\RPCRT4.dll
0x00007ffe563a0000 - 0x00007ffe56540000 	C:\Windows\System32\USER32.dll
0x00007ffe54d00000 - 0x00007ffe54d22000 	C:\Windows\System32\win32u.dll
0x00007ffe57000000 - 0x00007ffe5702a000 	C:\Windows\System32\GDI32.dll
0x00007ffe55140000 - 0x00007ffe5524a000 	C:\Windows\System32\gdi32full.dll
0x00007ffe54990000 - 0x00007ffe54a2d000 	C:\Windows\System32\msvcp_win.dll
0x00007ffe54e90000 - 0x00007ffe54f90000 	C:\Windows\System32\ucrtbase.dll
0x00007ffe411f0000 - 0x00007ffe4148a000 	C:\Windows\WinSxS\amd64_microsoft.windows.common-controls_6595b64144ccf1df_6.0.19041.1_none_b555e41d4684ddec\COMCTL32.dll
0x00007ffe4e780000 - 0x00007ffe4e78a000 	C:\Windows\SYSTEM32\VERSION.dll
0x00007ffe55660000 - 0x00007ffe55690000 	C:\Windows\System32\IMM32.DLL
0x00007ffe50520000 - 0x00007ffe50536000 	C:\Program Files\Java\jdk-11.0.7\bin\vcruntime140.dll
0x00007ffe1fca0000 - 0x00007ffe1fd4a000 	C:\Program Files\Java\jdk-11.0.7\bin\msvcp140.dll
0x00007ffdeda20000 - 0x00007ffdee581000 	C:\Program Files\Java\jdk-11.0.7\bin\server\jvm.dll
0x00007ffe55380000 - 0x00007ffe55388000 	C:\Windows\System32\PSAPI.DLL
0x00007ffe4b200000 - 0x00007ffe4b209000 	C:\Windows\SYSTEM32\WSOCK32.dll
0x00007ffe411c0000 - 0x00007ffe411e7000 	C:\Windows\SYSTEM32\WINMM.dll
0x00007ffe55bb0000 - 0x00007ffe55c1b000 	C:\Windows\System32\WS2_32.dll
0x00007ffe526f0000 - 0x00007ffe52703000 	C:\Windows\SYSTEM32\kernel.appcore.dll
0x00007ffe3d160000 - 0x00007ffe3d171000 	C:\Program Files\Java\jdk-11.0.7\bin\verify.dll
0x00007ffe48210000 - 0x00007ffe483f4000 	C:\Windows\SYSTEM32\DBGHELP.DLL
0x00007ffe481e0000 - 0x00007ffe4820c000 	C:\Windows\SYSTEM32\dbgcore.DLL
0x00007ffe54d60000 - 0x00007ffe54ddf000 	C:\Windows\System32\bcryptPrimitives.dll
0x00007ffe3a820000 - 0x00007ffe3a849000 	C:\Program Files\Java\jdk-11.0.7\bin\java.dll
0x00007ffe4bdf0000 - 0x00007ffe4bdfa000 	C:\Program Files\Java\jdk-11.0.7\bin\jimage.dll
0x00007ffe3c1a0000 - 0x00007ffe3c1b6000 	C:\Program Files\Java\jdk-11.0.7\bin\zip.dll
0x00007ffe568c0000 - 0x00007ffe56ff1000 	C:\Windows\System32\SHELL32.dll
0x00007ffe52ae0000 - 0x00007ffe5326a000 	C:\Windows\SYSTEM32\windows.storage.dll
0x00007ffe56540000 - 0x00007ffe56894000 	C:\Windows\System32\combase.dll
0x00007ffe542e0000 - 0x00007ffe5430b000 	C:\Windows\SYSTEM32\Wldp.dll
0x00007ffe562f0000 - 0x00007ffe5639e000 	C:\Windows\System32\SHCORE.dll
0x00007ffe55b50000 - 0x00007ffe55ba5000 	C:\Windows\System32\shlwapi.dll
0x00007ffe54870000 - 0x00007ffe5488f000 	C:\Windows\SYSTEM32\profapi.dll
0x00007ffe3b290000 - 0x00007ffe3b2a9000 	C:\Program Files\Java\jdk-11.0.7\bin\net.dll
0x00007ffe4da20000 - 0x00007ffe4db22000 	C:\Windows\SYSTEM32\WINHTTP.dll
0x00007ffe54060000 - 0x00007ffe540ca000 	C:\Windows\system32\mswsock.dll
0x00007ffe36260000 - 0x00007ffe36273000 	C:\Program Files\Java\jdk-11.0.7\bin\nio.dll
0x000001e7bc7a0000 - 0x000001e7bc7a3000 	C:\Program Files\javafx-sdk-11.0.2\bin\api-ms-win-core-console-l1-1-0.dll
0x000001e7bc7b0000 - 0x000001e7bc7b3000 	C:\Program Files\javafx-sdk-11.0.2\bin\api-ms-win-core-datetime-l1-1-0.dll
0x000001e7bc7c0000 - 0x000001e7bc7c3000 	C:\Program Files\javafx-sdk-11.0.2\bin\api-ms-win-core-debug-l1-1-0.dll
0x000001e7bc7d0000 - 0x000001e7bc7d3000 	C:\Program Files\javafx-sdk-11.0.2\bin\api-ms-win-core-errorhandling-l1-1-0.dll
0x000001e7bc7e0000 - 0x000001e7bc7e4000 	C:\Program Files\javafx-sdk-11.0.2\bin\api-ms-win-core-file-l1-1-0.dll
0x000001e7bc7f0000 - 0x000001e7bc7f3000 	C:\Program Files\javafx-sdk-11.0.2\bin\api-ms-win-core-file-l1-2-0.dll
0x000001e7bc800000 - 0x000001e7bc803000 	C:\Program Files\javafx-sdk-11.0.2\bin\api-ms-win-core-file-l2-1-0.dll
0x000001e7bc810000 - 0x000001e7bc813000 	C:\Program Files\javafx-sdk-11.0.2\bin\api-ms-win-core-handle-l1-1-0.dll
0x000001e7bc820000 - 0x000001e7bc823000 	C:\Program Files\javafx-sdk-11.0.2\bin\api-ms-win-core-heap-l1-1-0.dll
0x000001e7bc830000 - 0x000001e7bc833000 	C:\Program Files\javafx-sdk-11.0.2\bin\api-ms-win-core-interlocked-l1-1-0.dll
0x000001e7bc840000 - 0x000001e7bc843000 	C:\Program Files\javafx-sdk-11.0.2\bin\api-ms-win-core-libraryloader-l1-1-0.dll
0x000001e7bc850000 - 0x000001e7bc853000 	C:\Program Files\javafx-sdk-11.0.2\bin\api-ms-win-core-localization-l1-2-0.dll
0x000001e7bc860000 - 0x000001e7bc863000 	C:\Program Files\javafx-sdk-11.0.2\bin\api-ms-win-core-memory-l1-1-0.dll
0x000001e7bc870000 - 0x000001e7bc873000 	C:\Program Files\javafx-sdk-11.0.2\bin\api-ms-win-core-namedpipe-l1-1-0.dll
0x000001e7bc880000 - 0x000001e7bc883000 	C:\Program Files\javafx-sdk-11.0.2\bin\api-ms-win-core-processenvironment-l1-1-0.dll
0x000001e7bc890000 - 0x000001e7bc893000 	C:\Program Files\javafx-sdk-11.0.2\bin\api-ms-win-core-processthreads-l1-1-0.dll
0x000001e7bc8a0000 - 0x000001e7bc8a3000 	C:\Program Files\javafx-sdk-11.0.2\bin\api-ms-win-core-processthreads-l1-1-1.dll
0x000001e7bc8b0000 - 0x000001e7bc8b3000 	C:\Program Files\javafx-sdk-11.0.2\bin\api-ms-win-core-profile-l1-1-0.dll
0x000001e7bc8c0000 - 0x000001e7bc8c3000 	C:\Program Files\javafx-sdk-11.0.2\bin\api-ms-win-core-rtlsupport-l1-1-0.dll
0x000001e7bc8d0000 - 0x000001e7bc8d3000 	C:\Program Files\javafx-sdk-11.0.2\bin\api-ms-win-core-string-l1-1-0.dll
0x000001e7bc8e0000 - 0x000001e7bc8e3000 	C:\Program Files\javafx-sdk-11.0.2\bin\api-ms-win-core-synch-l1-1-0.dll
0x000001e7bc8f0000 - 0x000001e7bc8f3000 	C:\Program Files\javafx-sdk-11.0.2\bin\api-ms-win-core-synch-l1-2-0.dll
0x000001e7bc900000 - 0x000001e7bc903000 	C:\Program Files\javafx-sdk-11.0.2\bin\api-ms-win-core-sysinfo-l1-1-0.dll
0x000001e7bc910000 - 0x000001e7bc913000 	C:\Program Files\javafx-sdk-11.0.2\bin\api-ms-win-core-timezone-l1-1-0.dll
0x000001e7bc920000 - 0x000001e7bc923000 	C:\Program Files\javafx-sdk-11.0.2\bin\api-ms-win-core-util-l1-1-0.dll
0x000001e7bc930000 - 0x000001e7bc933000 	C:\Program Files\javafx-sdk-11.0.2\bin\api-ms-win-crt-conio-l1-1-0.dll
0x000001e7bc940000 - 0x000001e7bc944000 	C:\Program Files\javafx-sdk-11.0.2\bin\api-ms-win-crt-convert-l1-1-0.dll
0x000001e7bc950000 - 0x000001e7bc953000 	C:\Program Files\javafx-sdk-11.0.2\bin\api-ms-win-crt-environment-l1-1-0.dll
0x000001e7bc960000 - 0x000001e7bc963000 	C:\Program Files\javafx-sdk-11.0.2\bin\api-ms-win-crt-filesystem-l1-1-0.dll
0x000001e7bc970000 - 0x000001e7bc973000 	C:\Program Files\javafx-sdk-11.0.2\bin\api-ms-win-crt-heap-l1-1-0.dll
0x000001e7bc980000 - 0x000001e7bc983000 	C:\Program Files\javafx-sdk-11.0.2\bin\api-ms-win-crt-locale-l1-1-0.dll
0x000001e7bc990000 - 0x000001e7bc995000 	C:\Program Files\javafx-sdk-11.0.2\bin\api-ms-win-crt-math-l1-1-0.dll
0x000001e7bc9a0000 - 0x000001e7bc9a5000 	C:\Program Files\javafx-sdk-11.0.2\bin\api-ms-win-crt-multibyte-l1-1-0.dll
0x000001e7bc9b0000 - 0x000001e7bc9c0000 	C:\Program Files\javafx-sdk-11.0.2\bin\api-ms-win-crt-private-l1-1-0.dll
0x000001e7bc9c0000 - 0x000001e7bc9c3000 	C:\Program Files\javafx-sdk-11.0.2\bin\api-ms-win-crt-process-l1-1-0.dll
0x000001e7bc9d0000 - 0x000001e7bc9d4000 	C:\Program Files\javafx-sdk-11.0.2\bin\api-ms-win-crt-runtime-l1-1-0.dll
0x000001e7bc9e0000 - 0x000001e7bc9e4000 	C:\Program Files\javafx-sdk-11.0.2\bin\api-ms-win-crt-stdio-l1-1-0.dll
0x000001e7bc9f0000 - 0x000001e7bc9f4000 	C:\Program Files\javafx-sdk-11.0.2\bin\api-ms-win-crt-string-l1-1-0.dll
0x000001e7bca00000 - 0x000001e7bca03000 	C:\Program Files\javafx-sdk-11.0.2\bin\api-ms-win-crt-time-l1-1-0.dll
0x000001e7bca10000 - 0x000001e7bca13000 	C:\Program Files\javafx-sdk-11.0.2\bin\api-ms-win-crt-utility-l1-1-0.dll
0x00007ffe1bff0000 - 0x00007ffe1c0ea000 	C:\Program Files\javafx-sdk-11.0.2\bin\ucrtbase.dll
0x00007ffe3b520000 - 0x00007ffe3b536000 	C:\Program Files\javafx-sdk-11.0.2\bin\vcruntime140.dll
0x00007ffe1eee0000 - 0x00007ffe1ef86000 	C:\Program Files\javafx-sdk-11.0.2\bin\msvcp140.dll
0x00007ffe2be90000 - 0x00007ffe2bee1000 	C:\Program Files\javafx-sdk-11.0.2\bin\concrt140.dll
0x00007ffe26a00000 - 0x00007ffe26a23000 	C:\Program Files\javafx-sdk-11.0.2\bin\prism_d3d.dll
0x00007ffe3c480000 - 0x00007ffe3c64d000 	C:\Windows\system32\d3d9.dll
0x00007ffe52840000 - 0x00007ffe5286e000 	C:\Windows\SYSTEM32\dwmapi.dll
0x00007ffe52710000 - 0x00007ffe527af000 	C:\Windows\system32\uxtheme.dll
0x00007ffe3cce0000 - 0x00007ffe3cdce000 	C:\Windows\System32\DriverStore\FileRepository\nv_dispi.inf_amd64_90685a092bcf58c7\nvldumdx.dll
0x00007ffe54fe0000 - 0x00007ffe5513d000 	C:\Windows\System32\crypt32.dll
0x00007ffe54930000 - 0x00007ffe54990000 	C:\Windows\System32\WINTRUST.DLL
0x00007ffe54460000 - 0x00007ffe54472000 	C:\Windows\SYSTEM32\MSASN1.dll
0x00007ffe568a0000 - 0x00007ffe568bd000 	C:\Windows\System32\imagehlp.dll
0x00007ffe54230000 - 0x00007ffe54248000 	C:\Windows\SYSTEM32\CRYPTSP.dll
0x00007ffe539f0000 - 0x00007ffe53a24000 	C:\Windows\system32\rsaenh.dll
0x00007ffe54d30000 - 0x00007ffe54d57000 	C:\Windows\System32\bcrypt.dll
0x00007ffe54250000 - 0x00007ffe5425c000 	C:\Windows\SYSTEM32\CRYPTBASE.dll
0x00007ffdf0110000 - 0x00007ffdf15ab000 	C:\Windows\System32\DriverStore\FileRepository\nv_dispi.inf_amd64_90685a092bcf58c7\nvd3dumx.dll
0x00007ffe207e0000 - 0x00007ffe20825000 	C:\Program Files\javafx-sdk-11.0.2\bin\glass.dll
0x00007ffe560a0000 - 0x00007ffe5617a000 	C:\Windows\System32\COMDLG32.dll
0x00007ffe55830000 - 0x00007ffe55959000 	C:\Windows\System32\ole32.dll
0x00007ffe56210000 - 0x00007ffe562e5000 	C:\Windows\System32\OLEAUT32.dll
0x00007ffe55690000 - 0x00007ffe557a5000 	C:\Windows\System32\MSCTF.dll
0x00007ffe2d370000 - 0x00007ffe2d46a000 	C:\ProgramData\A-Volute\A-Volute.Nahimic\Modules\Scheduled\x64\A-Volute.NahimicDevProps2.dll
0x00007ffe2da90000 - 0x00007ffe2db3d000 	C:\ProgramData\A-Volute\A-Volute.Nahimic\Modules\Scheduled\x64\NahimicOSD.dll
0x00007ffe329c0000 - 0x00007ffe329e3000 	C:\ProgramData\A-Volute\A-Volute.Nahimic\Modules\Scheduled\x64\ProductInfo.dll
0x00007ffe35cf0000 - 0x00007ffe35fb4000 	C:\Windows\system32\nvspcap64.dll
0x00007ffe536a0000 - 0x00007ffe536d3000 	C:\Windows\SYSTEM32\ntmarta.dll
0x00007ffe53280000 - 0x00007ffe532a3000 	C:\Windows\SYSTEM32\gpapi.dll
0x00007ffe42d70000 - 0x00007ffe42da1000 	C:\Windows\SYSTEM32\cryptnet.dll
0x00007ffe47c00000 - 0x00007ffe47c3b000 	C:\Windows\SYSTEM32\dxcore.dll
0x00007ffe54f90000 - 0x00007ffe54fdd000 	C:\Windows\System32\cfgmgr32.dll
0x00007ffe32d70000 - 0x00007ffe32d84000 	C:\Program Files\javafx-sdk-11.0.2\bin\javafx_font.dll

dbghelp: loaded successfully - version: 4.0.5 - missing functions: none
symbol engine: initialized successfully - sym options: 0x614 - pdb path: .;C:\Program Files\Java\jdk-11.0.7\bin;C:\Windows\SYSTEM32;C:\Windows\WinSxS\amd64_microsoft.windows.common-controls_6595b64144ccf1df_6.0.19041.1_none_b555e41d4684ddec;C:\Program Files\Java\jdk-11.0.7\bin\server;C:\Program Files\javafx-sdk-11.0.2\bin;C:\Windows\System32\DriverStore\FileRepository\nv_dispi.inf_amd64_90685a092bcf58c7;C:\ProgramData\A-Volute\A-Volute.Nahimic\Modules\Scheduled\x64

VM Arguments:
jvm_args: -Dfile.encoding=Cp1252 --module-path=C:\Users\Goran\Documents\git\workspace\ColorettoIteratie3GUI\bin;C:\Program Files\javafx-sdk-11.0.2\lib\javafx.base.jar;C:\Program Files\javafx-sdk-11.0.2\lib\javafx.controls.jar;C:\Program Files\javafx-sdk-11.0.2\lib\javafx.fxml.jar;C:\Program Files\javafx-sdk-11.0.2\lib\javafx.graphics.jar -Djdk.module.main=ColorettoIteratie3GUI 
java_command: ColorettoIteratie3GUI/main.StartUp
java_class_path (initial): <not set>
Launcher Type: SUN_STANDARD

[Global flags]
     intx CICompilerCount                          = 4                                         {product} {ergonomic}
     uint ConcGCThreads                            = 2                                         {product} {ergonomic}
     uint G1ConcRefinementThreads                  = 8                                         {product} {ergonomic}
   size_t G1HeapRegionSize                         = 1048576                                   {product} {ergonomic}
    uintx GCDrainStackTargetSize                   = 64                                        {product} {ergonomic}
   size_t InitialHeapSize                          = 268435456                                 {product} {ergonomic}
   size_t MarkStackSize                            = 4194304                                   {product} {ergonomic}
   size_t MaxHeapSize                              = 4286578688                                {product} {ergonomic}
   size_t MaxNewSize                               = 2571108352                                {product} {ergonomic}
   size_t MinHeapDeltaBytes                        = 1048576                                   {product} {ergonomic}
    uintx NonNMethodCodeHeapSize                   = 5836300                                {pd product} {ergonomic}
    uintx NonProfiledCodeHeapSize                  = 122910970                              {pd product} {ergonomic}
    uintx ProfiledCodeHeapSize                     = 122910970                              {pd product} {ergonomic}
    uintx ReservedCodeCacheSize                    = 251658240                              {pd product} {ergonomic}
     bool SegmentedCodeCache                       = true                                      {product} {ergonomic}
     bool UseCompressedClassPointers               = true                                 {lp64_product} {ergonomic}
     bool UseCompressedOops                        = true                                 {lp64_product} {ergonomic}
     bool UseG1GC                                  = true                                      {product} {ergonomic}
     bool UseLargePagesIndividualAllocation        = false                                  {pd product} {ergonomic}

Logging:
Log output configuration:
 #0: stdout all=warning uptime,level,tags
 #1: stderr all=off uptime,level,tags

Environment Variables:
JAVA_HOME=C:\Program Files\Java\jdk-11.0.4\bin
PATH=C:/Program Files/Java/jdk-11.0.7/bin/server;C:/Program Files/Java/jdk-11.0.7/bin;C:\Program Files\Java\jdk-11.0.4\bin;c:\program files (x86)\intel\intel(r) management engine components\icls\;c:\program files\intel\intel(r) management engine components\icls\;c:\windows\system32;c:\windows;c:\windows\system32\wbem;c:\windows\system32\windowspowershell\v1.0\;c:\windows\system32\openssh\;c:\program files\dotnet\;c:\program files (x86)\dotnet\;c:\program files (x86)\aomei backupper;c:\program files\microsoft sql server\130\tools\binn\;c:\program files\intel\wifi\bin\;c:\program files\common files\intel\wirelesscommon\;c:\program files (x86)\intel\intel(r) management engine components\dal;c:\program files\intel\intel(r) management engine components\dal;c:\program files (x86)\intel\intel(r) management engine components\ipt;c:\program files\intel\intel(r) management engine components\ipt;c:\program files\microsoft sql server\client sdk\odbc\170\tools\binn\;C:\Program Files (x86)\NVIDIA Corporation\PhysX\Common;C:\Program Files\NVIDIA Corporation\NVIDIA NvDLISR;C:\Program Files\Git\cmd;;C:\Windows\system32;C:\Windows;C:\Windows\System32\Wbem;C:\Windows\System32\WindowsPowerShell\v1.0\;C:\Windows\System32\OpenSSH\;C:\Program Files (x86)\Common Files\Acronis\SnapAPI\;C:\Program Files (x86)\AOMEI Backupper;C:\Program Files\Microsoft VS Code Insiders\bin;C:\Users\Goran\AppData\Local\Microsoft\WindowsApps;C:\Program Files\Intel\WiFi\bin\;C:\Program Files\Common Files\Intel\WirelessCommon\;C:\Windows\system32;
USERNAME=Goran
OS=Windows_NT
PROCESSOR_IDENTIFIER=Intel64 Family 6 Model 158 Stepping 9, GenuineIntel



---------------  S Y S T E M  ---------------

OS: Windows 10 , 64 bit Build 19041 (10.0.19041.207)

CPU:total 8 (initial active 8) (4 cores per cpu, 2 threads per core) family 6 model 158 stepping 9, cmov, cx8, fxsr, mmx, sse, sse2, sse3, ssse3, sse4.1, sse4.2, popcnt, avx, avx2, aes, clmul, erms, rtm, 3dnowpref, lzcnt, ht, tsc, tscinvbit, bmi1, bmi2, adx, fma

Memory: 4k page, system-wide physical 16348M (3423M free)
TotalPageFile size 16348M (AvailPageFile size 3M)
current process WorkingSet (physical memory assigned to process): 103M, peak: 103M
current process commit charge ("private bytes"): 369M, peak: 373M

vm_info: Java HotSpot(TM) 64-Bit Server VM (11.0.7+8-LTS) for windows-amd64 JRE (11.0.7+8-LTS), built on Mar 12 2020 02:04:32 by "mach5one" with MS VC++ 15.5 (VS2017)

END.
